
At i =  1
First Iteration

At i =  2
Step =  2
IterationNumber =  8
Step =  3
IterationNumber =  8
Step =  4
IterationNumber =  8
Step =  5
IterationNumber =  8
Step =  6
IterationNumber =  8
Step =  7
IterationNumber =  8

At i =  3
Step =  9
IterationNumber =  11
Step =  10
IterationNumber =  11

At i =  4
Step =  12
IterationNumber =  17
Step =  13
IterationNumber =  17
Step =  14
IterationNumber =  17
Step =  15
IterationNumber =  17
Step =  16
IterationNumber =  17

At i =  5
Step =  18
IterationNumber =  19

At i =  6

At i =  7

At i =  8
Step =  22
IterationNumber =  26
Step =  23
IterationNumber =  26
Step =  24
IterationNumber =  26
Step =  25
IterationNumber =  26

At i =  9
Step =  27
IterationNumber =  28

At i =  10
Step =  29
IterationNumber =  30

At i =  11
Step =  31
IterationNumber =  34
Step =  32
IterationNumber =  34
Step =  33
IterationNumber =  34

At i =  12

At i =  13

At i =  14
Step =  37
IterationNumber =  41
Step =  38
IterationNumber =  41
Step =  39
IterationNumber =  41
Step =  40
IterationNumber =  41

At i =  15
Step =  42
IterationNumber =  46
Step =  43
IterationNumber =  46
Step =  44
IterationNumber =  46
Step =  45
IterationNumber =  46

At i =  16

At i =  17

At i =  18

At i =  19
Step =  50
IterationNumber =  53
Step =  51
IterationNumber =  53
Step =  52
IterationNumber =  53

At i =  20

At i =  21
Step =  55
IterationNumber =  59
Step =  56
IterationNumber =  59
Step =  57
IterationNumber =  59
Step =  58
IterationNumber =  59

At i =  22
Step =  60
IterationNumber =  61

At i =  23
Step =  62
IterationNumber =  66
Step =  63
IterationNumber =  66
Step =  64
IterationNumber =  66
Step =  65
IterationNumber =  66

At i =  24

At i =  25
Step =  68
IterationNumber =  72
Step =  69
IterationNumber =  72
Step =  70
IterationNumber =  72
Step =  71
IterationNumber =  72

At i =  26
Step =  73
IterationNumber =  74

At i =  27
Step =  75
IterationNumber =  77
Step =  76
IterationNumber =  77

At i =  28

At i =  29
Step =  79
IterationNumber =  82
Step =  80
IterationNumber =  82
Step =  81
IterationNumber =  82

At i =  30

At i =  31
Step =  84
IterationNumber =  86
Step =  85
IterationNumber =  86

At i =  32
Step =  87
IterationNumber =  88

At i =  33
Step =  89
IterationNumber =  92
Step =  90
IterationNumber =  92
Step =  91
IterationNumber =  92

At i =  34

At i =  35
Step =  94
IterationNumber =  95

At i =  36
Step =  96
IterationNumber =  97

At i =  37

At i =  38

At i =  39

At i =  40
Step =  101
IterationNumber =  103
Step =  102
IterationNumber =  103

At i =  41

At i =  42

At i =  43

At i =  44
Step =  107
IterationNumber =  108

At i =  45
Step =  109
IterationNumber =  111
Step =  110
IterationNumber =  111

At i =  46
Step =  112
IterationNumber =  115
Step =  113
IterationNumber =  115
Step =  114
IterationNumber =  115

At i =  47

At i =  48

At i =  49
Step =  118
IterationNumber =  120
Step =  119
IterationNumber =  120

At i =  50
Step =  121
IterationNumber =  122

At i =  51
Step =  123
IterationNumber =  124

At i =  52

At i =  53

At i =  54
Step =  127
IterationNumber =  131
Step =  128
IterationNumber =  131
Step =  129
IterationNumber =  131
Step =  130
IterationNumber =  131

At i =  55

At i =  56

At i =  57

At i =  58
Step =  135
IterationNumber =  137
Step =  136
IterationNumber =  137

At i =  59

At i =  60
Step =  139
IterationNumber =  140

At i =  61
Step =  141
IterationNumber =  145
Step =  142
IterationNumber =  145
Step =  143
IterationNumber =  145
Step =  144
IterationNumber =  145

At i =  62

At i =  63

At i =  64
Step =  148
IterationNumber =  156
Step =  149
IterationNumber =  156
Step =  150
IterationNumber =  156
Step =  151
IterationNumber =  156
Step =  152
IterationNumber =  156
Step =  153
IterationNumber =  156
Step =  154
IterationNumber =  156
Step =  155
IterationNumber =  156

At i =  65
Step =  157
IterationNumber =  159
Step =  158
IterationNumber =  159

At i =  66

At i =  67
Step =  161
IterationNumber =  162

At i =  68
Step =  163
IterationNumber =  164

At i =  69
Step =  165
IterationNumber =  166

At i =  70
Step =  167
IterationNumber =  170
Step =  168
IterationNumber =  170
Step =  169
IterationNumber =  170

At i =  71
Step =  171
IterationNumber =  172

At i =  72

At i =  73
Step =  174
IterationNumber =  175

At i =  74
Step =  176
IterationNumber =  177

At i =  75
Step =  178
IterationNumber =  181
Step =  179
IterationNumber =  181
Step =  180
IterationNumber =  181

At i =  76
Step =  182
IterationNumber =  183

At i =  77
Step =  184
IterationNumber =  187
Step =  185
IterationNumber =  187
Step =  186
IterationNumber =  187

At i =  78
Step =  188
IterationNumber =  190
Step =  189
IterationNumber =  190

At i =  79
Step =  191
IterationNumber =  195
Step =  192
IterationNumber =  195
Step =  193
IterationNumber =  195
Step =  194
IterationNumber =  195

At i =  80
Step =  196
IterationNumber =  198
Step =  197
IterationNumber =  198

At i =  81

At i =  82
Step =  200
IterationNumber =  201

At i =  83
Step =  202
IterationNumber =  203

At i =  84
Step =  204
IterationNumber =  206
Step =  205
IterationNumber =  206

At i =  85
Step =  207
IterationNumber =  209
Step =  208
IterationNumber =  209

At i =  86

At i =  87
Step =  211
IterationNumber =  212

At i =  88

At i =  89
Step =  214
IterationNumber =  217
Step =  215
IterationNumber =  217
Step =  216
IterationNumber =  217

At i =  90

At i =  91

At i =  92
Step =  220
IterationNumber =  224
Step =  221
IterationNumber =  224
Step =  222
IterationNumber =  224
Step =  223
IterationNumber =  224

At i =  93

At i =  94
Step =  226
IterationNumber =  227

At i =  95

At i =  96
Step =  229
IterationNumber =  235
Step =  230
IterationNumber =  235
Step =  231
IterationNumber =  235
Step =  232
IterationNumber =  235
Step =  233
IterationNumber =  235
Step =  234
IterationNumber =  235

At i =  97
Step =  236
IterationNumber =  252
Step =  237
IterationNumber =  252
Step =  238
IterationNumber =  252
Step =  239
IterationNumber =  252
Step =  240
IterationNumber =  252
Step =  241
IterationNumber =  252
Step =  242
IterationNumber =  252
Step =  243
IterationNumber =  252
Step =  244
IterationNumber =  252
Step =  245
IterationNumber =  252
Step =  246
IterationNumber =  252
Step =  247
IterationNumber =  252
Step =  248
IterationNumber =  252
Step =  249
IterationNumber =  252
Step =  250
IterationNumber =  252
Step =  251
IterationNumber =  252

At i =  98
Step =  253
IterationNumber =  254

At i =  99
Step =  255
IterationNumber =  256

At i =  100
Step =  257
IterationNumber =  258

At i =  101
Step =  259
IterationNumber =  260

At i =  102
Step =  261
IterationNumber =  271
Step =  262
IterationNumber =  271
Step =  263
IterationNumber =  271
Step =  264
IterationNumber =  271
Step =  265
IterationNumber =  271
Step =  266
IterationNumber =  271
Step =  267
IterationNumber =  271
Step =  268
IterationNumber =  271
Step =  269
IterationNumber =  271
Step =  270
IterationNumber =  271

At i =  103
Step =  272
IterationNumber =  275
Step =  273
IterationNumber =  275
Step =  274
IterationNumber =  275

At i =  104
Step =  276
IterationNumber =  279
Step =  277
IterationNumber =  279
Step =  278
IterationNumber =  279

At i =  105
Step =  280
IterationNumber =  282
Step =  281
IterationNumber =  282

At i =  106

At i =  107
Step =  284
IterationNumber =  285

At i =  108

At i =  109

At i =  110
Step =  288
IterationNumber =  289

At i =  111
Step =  290
IterationNumber =  291

At i =  112

At i =  113

At i =  114

At i =  115
Step =  295
IterationNumber =  296

At i =  116

At i =  117
Step =  298
IterationNumber =  305
Step =  299
IterationNumber =  305
Step =  300
IterationNumber =  305
Step =  301
IterationNumber =  305
Step =  302
IterationNumber =  305
Step =  303
IterationNumber =  305
Step =  304
IterationNumber =  305

At i =  118

At i =  119
Step =  307
IterationNumber =  308

At i =  120
Step =  309
IterationNumber =  311
Step =  310
IterationNumber =  311

At i =  121
Step =  312
IterationNumber =  313

At i =  122

At i =  123
Step =  315
IterationNumber =  317
Step =  316
IterationNumber =  317

At i =  124
Step =  318
IterationNumber =  322
Step =  319
IterationNumber =  322
Step =  320
IterationNumber =  322
Step =  321
IterationNumber =  322

At i =  125
Step =  323
IterationNumber =  336
Step =  324
IterationNumber =  336
Step =  325
IterationNumber =  336
Step =  326
IterationNumber =  336
Step =  327
IterationNumber =  336
Step =  328
IterationNumber =  336
Step =  329
IterationNumber =  336
Step =  330
IterationNumber =  336
Step =  331
IterationNumber =  336
Step =  332
IterationNumber =  336
Step =  333
IterationNumber =  336
Step =  334
IterationNumber =  336
Step =  335
IterationNumber =  336

At i =  126
Step =  337
IterationNumber =  342
Step =  338
IterationNumber =  342
Step =  339
IterationNumber =  342
Step =  340
IterationNumber =  342
Step =  341
IterationNumber =  342

At i =  127
Step =  343
IterationNumber =  344

At i =  128
Step =  345
IterationNumber =  347
Step =  346
IterationNumber =  347

At i =  129
Step =  348
IterationNumber =  350
Step =  349
IterationNumber =  350

At i =  130
Step =  351
IterationNumber =  357
Step =  352
IterationNumber =  357
Step =  353
IterationNumber =  357
Step =  354
IterationNumber =  357
Step =  355
IterationNumber =  357
Step =  356
IterationNumber =  357

At i =  131
Step =  358
IterationNumber =  359

At i =  132

At i =  133

At i =  134
Step =  362
IterationNumber =  378
Step =  363
IterationNumber =  378
Step =  364
IterationNumber =  378
Step =  365
IterationNumber =  378
Step =  366
IterationNumber =  378
Step =  367
IterationNumber =  378
Step =  368
IterationNumber =  378
Step =  369
IterationNumber =  378
Step =  370
IterationNumber =  378
Step =  371
IterationNumber =  378
Step =  372
IterationNumber =  378
Step =  373
IterationNumber =  378
Step =  374
IterationNumber =  378
Step =  375
IterationNumber =  378
Step =  376
IterationNumber =  378
Step =  377
IterationNumber =  378

At i =  135
Step =  379
IterationNumber =  380

At i =  136
Step =  381
IterationNumber =  382

At i =  137

At i =  138
Step =  384
IterationNumber =  386
Step =  385
IterationNumber =  386

At i =  139
Step =  387
IterationNumber =  392
Step =  388
IterationNumber =  392
Step =  389
IterationNumber =  392
Step =  390
IterationNumber =  392
Step =  391
IterationNumber =  392

At i =  140
Step =  393
IterationNumber =  400
Step =  394
IterationNumber =  400
Step =  395
IterationNumber =  400
Step =  396
IterationNumber =  400
Step =  397
IterationNumber =  400
Step =  398
IterationNumber =  400
Step =  399
IterationNumber =  400

At i =  141

At i =  142
Step =  402
IterationNumber =  405
Step =  403
IterationNumber =  405
Step =  404
IterationNumber =  405

At i =  143

At i =  144
Step =  407
IterationNumber =  408

At i =  145
Step =  409
IterationNumber =  414
Step =  410
IterationNumber =  414
Step =  411
IterationNumber =  414
Step =  412
IterationNumber =  414
Step =  413
IterationNumber =  414

At i =  146

At i =  147
Step =  416
IterationNumber =  422
Step =  417
IterationNumber =  422
Step =  418
IterationNumber =  422
Step =  419
IterationNumber =  422
Step =  420
IterationNumber =  422
Step =  421
IterationNumber =  422

At i =  148
Step =  423
IterationNumber =  424

At i =  149
Step =  425
IterationNumber =  429
Step =  426
IterationNumber =  429
Step =  427
IterationNumber =  429
Step =  428
IterationNumber =  429

At i =  150
Step =  430
IterationNumber =  434
Step =  431
IterationNumber =  434
Step =  432
IterationNumber =  434
Step =  433
IterationNumber =  434

At i =  151
Step =  435
IterationNumber =  436

At i =  152
Step =  437
IterationNumber =  439
Step =  438
IterationNumber =  439

At i =  153
Step =  440
IterationNumber =  442
Step =  441
IterationNumber =  442

At i =  154

At i =  155
Step =  444
IterationNumber =  445

At i =  156
Step =  446
IterationNumber =  448
Step =  447
IterationNumber =  448

At i =  157
Step =  449
IterationNumber =  454
Step =  450
IterationNumber =  454
Step =  451
IterationNumber =  454
Step =  452
IterationNumber =  454
Step =  453
IterationNumber =  454

At i =  158
Step =  455
IterationNumber =  463
Step =  456
IterationNumber =  463
Step =  457
IterationNumber =  463
Step =  458
IterationNumber =  463
Step =  459
IterationNumber =  463
Step =  460
IterationNumber =  463
Step =  461
IterationNumber =  463
Step =  462
IterationNumber =  463

At i =  159
Step =  464
IterationNumber =  469
Step =  465
IterationNumber =  469
Step =  466
IterationNumber =  469
Step =  467
IterationNumber =  469
Step =  468
IterationNumber =  469

At i =  160
Step =  470
IterationNumber =  474
Step =  471
IterationNumber =  474
Step =  472
IterationNumber =  474
Step =  473
IterationNumber =  474

At i =  161

At i =  162
Step =  476
IterationNumber =  477

At i =  163

At i =  164
Step =  479
IterationNumber =  491
Step =  480
IterationNumber =  491
Step =  481
IterationNumber =  491
Step =  482
IterationNumber =  491
Step =  483
IterationNumber =  491
Step =  484
IterationNumber =  491
Step =  485
IterationNumber =  491
Step =  486
IterationNumber =  491
Step =  487
IterationNumber =  491
Step =  488
IterationNumber =  491
Step =  489
IterationNumber =  491
Step =  490
IterationNumber =  491

At i =  165

At i =  166
Step =  493
IterationNumber =  498
Step =  494
IterationNumber =  498
Step =  495
IterationNumber =  498
Step =  496
IterationNumber =  498
Step =  497
IterationNumber =  498

At i =  167

At i =  168

At i =  169
Step =  501
IterationNumber =  502

At i =  170

At i =  171
Step =  504
IterationNumber =  506
Step =  505
IterationNumber =  506

At i =  172
Step =  507
IterationNumber =  513
Step =  508
IterationNumber =  513
Step =  509
IterationNumber =  513
Step =  510
IterationNumber =  513
Step =  511
IterationNumber =  513
Step =  512
IterationNumber =  513

At i =  173
Step =  514
IterationNumber =  520
Step =  515
IterationNumber =  520
Step =  516
IterationNumber =  520
Step =  517
IterationNumber =  520
Step =  518
IterationNumber =  520
Step =  519
IterationNumber =  520

At i =  174
Step =  521
IterationNumber =  522

At i =  175

At i =  176

At i =  177

At i =  178

At i =  179
Step =  527
IterationNumber =  544
Step =  528
IterationNumber =  544
Step =  529
IterationNumber =  544
Step =  530
IterationNumber =  544
Step =  531
IterationNumber =  544
Step =  532
IterationNumber =  544
Step =  533
IterationNumber =  544
Step =  534
IterationNumber =  544
Step =  535
IterationNumber =  544
Step =  536
IterationNumber =  544
Step =  537
IterationNumber =  544
Step =  538
IterationNumber =  544
Step =  539
IterationNumber =  544
Step =  540
IterationNumber =  544
Step =  541
IterationNumber =  544
Step =  542
IterationNumber =  544
Step =  543
IterationNumber =  544

At i =  180
Step =  545
IterationNumber =  546

At i =  181
Step =  547
IterationNumber =  550
Step =  548
IterationNumber =  550
Step =  549
IterationNumber =  550

At i =  182

At i =  183
Step =  552
IterationNumber =  554
Step =  553
IterationNumber =  554

At i =  184
Step =  555
IterationNumber =  556

At i =  185

At i =  186
Step =  558
IterationNumber =  569
Step =  559
IterationNumber =  569
Step =  560
IterationNumber =  569
Step =  561
IterationNumber =  569
Step =  562
IterationNumber =  569
Step =  563
IterationNumber =  569
Step =  564
IterationNumber =  569
Step =  565
IterationNumber =  569
Step =  566
IterationNumber =  569
Step =  567
IterationNumber =  569
Step =  568
IterationNumber =  569

At i =  187
Step =  570
IterationNumber =  571

At i =  188

At i =  189

At i =  190
Step =  574
IterationNumber =  585
Step =  575
IterationNumber =  585
Step =  576
IterationNumber =  585
Step =  577
IterationNumber =  585
Step =  578
IterationNumber =  585
Step =  579
IterationNumber =  585
Step =  580
IterationNumber =  585
Step =  581
IterationNumber =  585
Step =  582
IterationNumber =  585
Step =  583
IterationNumber =  585
Step =  584
IterationNumber =  585

At i =  191
Step =  586
IterationNumber =  588
Step =  587
IterationNumber =  588

At i =  192
Step =  589
IterationNumber =  591
Step =  590
IterationNumber =  591

At i =  193

At i =  194
Step =  593
IterationNumber =  595
Step =  594
IterationNumber =  595

At i =  195
Step =  596
IterationNumber =  597

At i =  196
Step =  598
IterationNumber =  605
Step =  599
IterationNumber =  605
Step =  600
IterationNumber =  605
Step =  601
IterationNumber =  605
Step =  602
IterationNumber =  605
Step =  603
IterationNumber =  605
Step =  604
IterationNumber =  605

At i =  197

At i =  198

At i =  199
Step =  608
IterationNumber =  611
Step =  609
IterationNumber =  611
Step =  610
IterationNumber =  611

At i =  200
Step =  612
IterationNumber =  614
Step =  613
IterationNumber =  614

At i =  201
Step =  615
IterationNumber =  619
Step =  616
IterationNumber =  619
Step =  617
IterationNumber =  619
Step =  618
IterationNumber =  619

At i =  202
Step =  620
IterationNumber =  629
Step =  621
IterationNumber =  629
Step =  622
IterationNumber =  629
Step =  623
IterationNumber =  629
Step =  624
IterationNumber =  629
Step =  625
IterationNumber =  629
Step =  626
IterationNumber =  629
Step =  627
IterationNumber =  629
Step =  628
IterationNumber =  629

At i =  203
Step =  630
IterationNumber =  631

At i =  204
Step =  632
IterationNumber =  633

At i =  205
Step =  634
IterationNumber =  635

At i =  206

At i =  207
Step =  637
IterationNumber =  645
Step =  638
IterationNumber =  645
Step =  639
IterationNumber =  645
Step =  640
IterationNumber =  645
Step =  641
IterationNumber =  645
Step =  642
IterationNumber =  645
Step =  643
IterationNumber =  645
Step =  644
IterationNumber =  645

At i =  208
Step =  646
IterationNumber =  654
Step =  647
IterationNumber =  654
Step =  648
IterationNumber =  654
Step =  649
IterationNumber =  654
Step =  650
IterationNumber =  654
Step =  651
IterationNumber =  654
Step =  652
IterationNumber =  654
Step =  653
IterationNumber =  654

At i =  209
Step =  655
IterationNumber =  656

At i =  210

At i =  211
Step =  658
IterationNumber =  659

At i =  212
Step =  660
IterationNumber =  662
Step =  661
IterationNumber =  662

At i =  213

At i =  214
Step =  664
IterationNumber =  668
Step =  665
IterationNumber =  668
Step =  666
IterationNumber =  668
Step =  667
IterationNumber =  668

At i =  215

At i =  216
Step =  670
IterationNumber =  671

At i =  217
Step =  672
IterationNumber =  673

At i =  218

At i =  219

At i =  220

At i =  221

At i =  222
Step =  678
IterationNumber =  680
Step =  679
IterationNumber =  680

At i =  223

At i =  224

At i =  225

At i =  226
Step =  684
IterationNumber =  686
Step =  685
IterationNumber =  686

At i =  227
Step =  687
IterationNumber =  698
Step =  688
IterationNumber =  698
Step =  689
IterationNumber =  698
Step =  690
IterationNumber =  698
Step =  691
IterationNumber =  698
Step =  692
IterationNumber =  698
Step =  693
IterationNumber =  698
Step =  694
IterationNumber =  698
Step =  695
IterationNumber =  698
Step =  696
IterationNumber =  698
Step =  697
IterationNumber =  698

At i =  228
Step =  699
IterationNumber =  700

At i =  229
Step =  701
IterationNumber =  703
Step =  702
IterationNumber =  703

At i =  230
Step =  704
IterationNumber =  713
Step =  705
IterationNumber =  713
Step =  706
IterationNumber =  713
Step =  707
IterationNumber =  713
Step =  708
IterationNumber =  713
Step =  709
IterationNumber =  713
Step =  710
IterationNumber =  713
Step =  711
IterationNumber =  713
Step =  712
IterationNumber =  713

At i =  231
Step =  714
IterationNumber =  716
Step =  715
IterationNumber =  716

At i =  232

At i =  233
Step =  718
IterationNumber =  720
Step =  719
IterationNumber =  720

At i =  234
Step =  721
IterationNumber =  727
Step =  722
IterationNumber =  727
Step =  723
IterationNumber =  727
Step =  724
IterationNumber =  727
Step =  725
IterationNumber =  727
Step =  726
IterationNumber =  727

At i =  235

At i =  236
Step =  729
IterationNumber =  730

At i =  237

At i =  238

At i =  239

At i =  240
Step =  734
IterationNumber =  735

At i =  241
Step =  736
IterationNumber =  737

At i =  242
Step =  738
IterationNumber =  739

At i =  243

At i =  244

At i =  245

At i =  246
Step =  743
IterationNumber =  744

At i =  247

At i =  248

At i =  249

At i =  250
Step =  748
IterationNumber =  757
Step =  749
IterationNumber =  757
Step =  750
IterationNumber =  757
Step =  751
IterationNumber =  757
Step =  752
IterationNumber =  757
Step =  753
IterationNumber =  757
Step =  754
IterationNumber =  757
Step =  755
IterationNumber =  757
Step =  756
IterationNumber =  757

At i =  251
Step =  758
IterationNumber =  760
Step =  759
IterationNumber =  760

At i =  252
Step =  761
IterationNumber =  762

At i =  253
Step =  763
IterationNumber =  766
Step =  764
IterationNumber =  766
Step =  765
IterationNumber =  766

At i =  254
Step =  767
IterationNumber =  769
Step =  768
IterationNumber =  769

At i =  255
Step =  770
IterationNumber =  771

At i =  256

At i =  257
Step =  773
IterationNumber =  774

At i =  258
Step =  775
IterationNumber =  776

At i =  259

At i =  260
Step =  778
IterationNumber =  780
Step =  779
IterationNumber =  780

At i =  261
Step =  781
IterationNumber =  782

At i =  262

At i =  263
Step =  784
IterationNumber =  785

At i =  264

At i =  265
Step =  787
IterationNumber =  794
Step =  788
IterationNumber =  794
Step =  789
IterationNumber =  794
Step =  790
IterationNumber =  794
Step =  791
IterationNumber =  794
Step =  792
IterationNumber =  794
Step =  793
IterationNumber =  794

At i =  266
Step =  795
IterationNumber =  797
Step =  796
IterationNumber =  797

At i =  267
Step =  798
IterationNumber =  802
Step =  799
IterationNumber =  802
Step =  800
IterationNumber =  802
Step =  801
IterationNumber =  802

At i =  268
Step =  803
IterationNumber =  806
Step =  804
IterationNumber =  806
Step =  805
IterationNumber =  806

At i =  269
Step =  807
IterationNumber =  808

At i =  270

At i =  271

At i =  272

At i =  273
Step =  812
IterationNumber =  813

At i =  274

At i =  275

At i =  276
Step =  816
IterationNumber =  825
Step =  817
IterationNumber =  825
Step =  818
IterationNumber =  825
Step =  819
IterationNumber =  825
Step =  820
IterationNumber =  825
Step =  821
IterationNumber =  825
Step =  822
IterationNumber =  825
Step =  823
IterationNumber =  825
Step =  824
IterationNumber =  825

At i =  277
Step =  826
IterationNumber =  828
Step =  827
IterationNumber =  828

At i =  278
Step =  829
IterationNumber =  842
Step =  830
IterationNumber =  842
Step =  831
IterationNumber =  842
Step =  832
IterationNumber =  842
Step =  833
IterationNumber =  842
Step =  834
IterationNumber =  842
Step =  835
IterationNumber =  842
Step =  836
IterationNumber =  842
Step =  837
IterationNumber =  842
Step =  838
IterationNumber =  842
Step =  839
IterationNumber =  842
Step =  840
IterationNumber =  842
Step =  841
IterationNumber =  842

At i =  279

At i =  280

At i =  281

At i =  282
Step =  846
IterationNumber =  848
Step =  847
IterationNumber =  848

At i =  283
Step =  849
IterationNumber =  850

At i =  284
Step =  851
IterationNumber =  856
Step =  852
IterationNumber =  856
Step =  853
IterationNumber =  856
Step =  854
IterationNumber =  856
Step =  855
IterationNumber =  856

At i =  285

At i =  286
Step =  858
IterationNumber =  866
Step =  859
IterationNumber =  866
Step =  860
IterationNumber =  866
Step =  861
IterationNumber =  866
Step =  862
IterationNumber =  866
Step =  863
IterationNumber =  866
Step =  864
IterationNumber =  866
Step =  865
IterationNumber =  866

At i =  287
Step =  867
IterationNumber =  868

At i =  288
Step =  869
IterationNumber =  872
Step =  870
IterationNumber =  872
Step =  871
IterationNumber =  872

At i =  289
Step =  873
IterationNumber =  875
Step =  874
IterationNumber =  875

At i =  290
Step =  876
IterationNumber =  880
Step =  877
IterationNumber =  880
Step =  878
IterationNumber =  880
Step =  879
IterationNumber =  880

At i =  291
Step =  881
IterationNumber =  882

At i =  292

At i =  293

At i =  294

At i =  295

At i =  296

At i =  297
Step =  888
IterationNumber =  890
Step =  889
IterationNumber =  890

At i =  298
Step =  891
IterationNumber =  892

At i =  299
Step =  893
IterationNumber =  896
Step =  894
IterationNumber =  896
Step =  895
IterationNumber =  896

At i =  300

At i =  301

At i =  302

At i =  303

At i =  304
Step =  901
IterationNumber =  902

At i =  305
Step =  903
IterationNumber =  905
Step =  904
IterationNumber =  905

At i =  306

At i =  307
Step =  907
IterationNumber =  908

At i =  308

At i =  309

At i =  310

At i =  311
Step =  912
IterationNumber =  913

At i =  312
Step =  914
IterationNumber =  915

At i =  313
Step =  916
IterationNumber =  919
Step =  917
IterationNumber =  919
Step =  918
IterationNumber =  919

At i =  314

At i =  315

At i =  316

At i =  317
Step =  923
IterationNumber =  924

At i =  318

At i =  319
Step =  926
IterationNumber =  928
Step =  927
IterationNumber =  928

At i =  320
Step =  929
IterationNumber =  932
Step =  930
IterationNumber =  932
Step =  931
IterationNumber =  932

At i =  321
Step =  933
IterationNumber =  934

At i =  322
Step =  935
IterationNumber =  937
Step =  936
IterationNumber =  937

At i =  323

At i =  324
Step =  939
IterationNumber =  940

At i =  325
Step =  941
IterationNumber =  942

At i =  326
Step =  943
IterationNumber =  946
Step =  944
IterationNumber =  946
Step =  945
IterationNumber =  946

At i =  327
Step =  947
IterationNumber =  948

At i =  328

At i =  329

At i =  330

At i =  331

At i =  332
Step =  953
IterationNumber =  960
Step =  954
IterationNumber =  960
Step =  955
IterationNumber =  960
Step =  956
IterationNumber =  960
Step =  957
IterationNumber =  960
Step =  958
IterationNumber =  960
Step =  959
IterationNumber =  960

At i =  333
Step =  961
IterationNumber =  962

At i =  334
Step =  963
IterationNumber =  964

At i =  335
Step =  965
IterationNumber =  966

At i =  336
Step =  967
IterationNumber =  971
Step =  968
IterationNumber =  971
Step =  969
IterationNumber =  971
Step =  970
IterationNumber =  971

At i =  337

At i =  338
Step =  973
IterationNumber =  975
Step =  974
IterationNumber =  975

At i =  339

At i =  340

At i =  341
Step =  978
IterationNumber =  980
Step =  979
IterationNumber =  980

At i =  342
Step =  981
IterationNumber =  984
Step =  982
IterationNumber =  984
Step =  983
IterationNumber =  984

At i =  343
Step =  985
IterationNumber =  986

At i =  344

At i =  345
Step =  988
IterationNumber =  989

At i =  346
Step =  990
IterationNumber =  993
Step =  991
IterationNumber =  993
Step =  992
IterationNumber =  993

At i =  347
Step =  994
IterationNumber =  996
Step =  995
IterationNumber =  996

At i =  348

At i =  349
Step =  998
IterationNumber =  999

At i =  350

At i =  351

At i =  352
Step =  1002
IterationNumber =  1006
Step =  1003
IterationNumber =  1006
Step =  1004
IterationNumber =  1006
Step =  1005
IterationNumber =  1006

At i =  353
Step =  1007
IterationNumber =  1009
Step =  1008
IterationNumber =  1009

At i =  354

At i =  355
Step =  1011
IterationNumber =  1012

At i =  356

At i =  357

At i =  358
Step =  1015
IterationNumber =  1019
Step =  1016
IterationNumber =  1019
Step =  1017
IterationNumber =  1019
Step =  1018
IterationNumber =  1019

At i =  359
Step =  1020
IterationNumber =  1022
Step =  1021
IterationNumber =  1022

At i =  360

At i =  361

At i =  362
Step =  1025
IterationNumber =  1030
Step =  1026
IterationNumber =  1030
Step =  1027
IterationNumber =  1030
Step =  1028
IterationNumber =  1030
Step =  1029
IterationNumber =  1030

At i =  363
Step =  1031
IterationNumber =  1033
Step =  1032
IterationNumber =  1033

At i =  364
Step =  1034
IterationNumber =  1035

At i =  365
Step =  1036
IterationNumber =  1038
Step =  1037
IterationNumber =  1038

At i =  366
Step =  1039
IterationNumber =  1040

At i =  367
Step =  1041
IterationNumber =  1053
Step =  1042
IterationNumber =  1053
Step =  1043
IterationNumber =  1053
Step =  1044
IterationNumber =  1053
Step =  1045
IterationNumber =  1053
Step =  1046
IterationNumber =  1053
Step =  1047
IterationNumber =  1053
Step =  1048
IterationNumber =  1053
Step =  1049
IterationNumber =  1053
Step =  1050
IterationNumber =  1053
Step =  1051
IterationNumber =  1053
Step =  1052
IterationNumber =  1053

At i =  368

At i =  369
Step =  1055
IterationNumber =  1058
Step =  1056
IterationNumber =  1058
Step =  1057
IterationNumber =  1058

At i =  370
Step =  1059
IterationNumber =  1063
Step =  1060
IterationNumber =  1063
Step =  1061
IterationNumber =  1063
Step =  1062
IterationNumber =  1063

At i =  371
Step =  1064
IterationNumber =  1067
Step =  1065
IterationNumber =  1067
Step =  1066
IterationNumber =  1067

At i =  372
Step =  1068
IterationNumber =  1069

At i =  373
Step =  1070
IterationNumber =  1071

At i =  374
Step =  1072
IterationNumber =  1080
Step =  1073
IterationNumber =  1080
Step =  1074
IterationNumber =  1080
Step =  1075
IterationNumber =  1080
Step =  1076
IterationNumber =  1080
Step =  1077
IterationNumber =  1080
Step =  1078
IterationNumber =  1080
Step =  1079
IterationNumber =  1080

At i =  375

At i =  376
Step =  1082
IterationNumber =  1085
Step =  1083
IterationNumber =  1085
Step =  1084
IterationNumber =  1085

At i =  377
Step =  1086
IterationNumber =  1087

At i =  378
Step =  1088
IterationNumber =  1092
Step =  1089
IterationNumber =  1092
Step =  1090
IterationNumber =  1092
Step =  1091
IterationNumber =  1092

At i =  379
Step =  1093
IterationNumber =  1094

At i =  380

At i =  381
Step =  1096
IterationNumber =  1097

At i =  382

At i =  383

At i =  384
Step =  1100
IterationNumber =  1101

At i =  385
Step =  1102
IterationNumber =  1103

At i =  386
Step =  1104
IterationNumber =  1105

At i =  387

At i =  388

At i =  389
Step =  1108
IterationNumber =  1109

At i =  390
Step =  1110
IterationNumber =  1113
Step =  1111
IterationNumber =  1113
Step =  1112
IterationNumber =  1113

At i =  391

At i =  392
Step =  1115
IterationNumber =  1121
Step =  1116
IterationNumber =  1121
Step =  1117
IterationNumber =  1121
Step =  1118
IterationNumber =  1121
Step =  1119
IterationNumber =  1121
Step =  1120
IterationNumber =  1121

At i =  393

At i =  394
Step =  1123
IterationNumber =  1125
Step =  1124
IterationNumber =  1125

At i =  395

At i =  396

At i =  397
Step =  1128
IterationNumber =  1132
Step =  1129
IterationNumber =  1132
Step =  1130
IterationNumber =  1132
Step =  1131
IterationNumber =  1132

At i =  398
Step =  1133
IterationNumber =  1134

At i =  399

At i =  400
Step =  1136
IterationNumber =  1141
Step =  1137
IterationNumber =  1141
Step =  1138
IterationNumber =  1141
Step =  1139
IterationNumber =  1141
Step =  1140
IterationNumber =  1141

At i =  401
Step =  1142
IterationNumber =  1145
Step =  1143
IterationNumber =  1145
Step =  1144
IterationNumber =  1145

At i =  402
Step =  1146
IterationNumber =  1149
Step =  1147
IterationNumber =  1149
Step =  1148
IterationNumber =  1149

At i =  403
Step =  1150
IterationNumber =  1152
Step =  1151
IterationNumber =  1152

At i =  404

At i =  405

At i =  406
Step =  1155
IterationNumber =  1157
Step =  1156
IterationNumber =  1157

At i =  407
Step =  1158
IterationNumber =  1160
Step =  1159
IterationNumber =  1160

At i =  408
Step =  1161
IterationNumber =  1162

At i =  409
Step =  1163
IterationNumber =  1164

At i =  410
Step =  1165
IterationNumber =  1167
Step =  1166
IterationNumber =  1167

At i =  411
Step =  1168
IterationNumber =  1169

At i =  412

At i =  413
Step =  1171
IterationNumber =  1174
Step =  1172
IterationNumber =  1174
Step =  1173
IterationNumber =  1174

At i =  414

At i =  415
Step =  1176
IterationNumber =  1177

At i =  416
Step =  1178
IterationNumber =  1179

At i =  417

At i =  418
Step =  1181
IterationNumber =  1182

At i =  419
Step =  1183
IterationNumber =  1185
Step =  1184
IterationNumber =  1185

At i =  420

At i =  421
Step =  1187
IterationNumber =  1188

At i =  422
Step =  1189
IterationNumber =  1190

At i =  423
Step =  1191
IterationNumber =  1192

At i =  424

At i =  425

At i =  426

At i =  427
Step =  1196
IterationNumber =  1198
Step =  1197
IterationNumber =  1198

At i =  428
Step =  1199
IterationNumber =  1200

At i =  429
Step =  1201
IterationNumber =  1204
Step =  1202
IterationNumber =  1204
Step =  1203
IterationNumber =  1204

At i =  430

At i =  431
Step =  1206
IterationNumber =  1207

At i =  432
Step =  1208
IterationNumber =  1209

At i =  433

At i =  434
Step =  1211
IterationNumber =  1213
Step =  1212
IterationNumber =  1213

At i =  435
Step =  1214
IterationNumber =  1215

At i =  436
Step =  1216
IterationNumber =  1218
Step =  1217
IterationNumber =  1218

At i =  437
Step =  1219
IterationNumber =  1221
Step =  1220
IterationNumber =  1221

At i =  438
Step =  1222
IterationNumber =  1228
Step =  1223
IterationNumber =  1228
Step =  1224
IterationNumber =  1228
Step =  1225
IterationNumber =  1228
Step =  1226
IterationNumber =  1228
Step =  1227
IterationNumber =  1228

At i =  439

At i =  440
Step =  1230
IterationNumber =  1233
Step =  1231
IterationNumber =  1233
Step =  1232
IterationNumber =  1233

At i =  441

At i =  442
Step =  1235
IterationNumber =  1236

At i =  443
Step =  1237
IterationNumber =  1239
Step =  1238
IterationNumber =  1239

At i =  444
Step =  1240
IterationNumber =  1241

At i =  445
Step =  1242
IterationNumber =  1244
Step =  1243
IterationNumber =  1244

At i =  446

At i =  447

At i =  448
Step =  1247
IterationNumber =  1248

At i =  449
Step =  1249
IterationNumber =  1250

At i =  450

At i =  451
Step =  1252
IterationNumber =  1254
Step =  1253
IterationNumber =  1254

At i =  452

At i =  453
Step =  1256
IterationNumber =  1259
Step =  1257
IterationNumber =  1259
Step =  1258
IterationNumber =  1259

At i =  454
Step =  1260
IterationNumber =  1261

At i =  455
Step =  1262
IterationNumber =  1269
Step =  1263
IterationNumber =  1269
Step =  1264
IterationNumber =  1269
Step =  1265
IterationNumber =  1269
Step =  1266
IterationNumber =  1269
Step =  1267
IterationNumber =  1269
Step =  1268
IterationNumber =  1269

At i =  456

At i =  457
Step =  1271
IterationNumber =  1272

At i =  458

At i =  459
Step =  1274
IterationNumber =  1275

At i =  460
Step =  1276
IterationNumber =  1277

At i =  461
Step =  1278
IterationNumber =  1279

At i =  462

At i =  463
Step =  1281
IterationNumber =  1282

At i =  464
Step =  1283
IterationNumber =  1285
Step =  1284
IterationNumber =  1285

At i =  465
Step =  1286
IterationNumber =  1293
Step =  1287
IterationNumber =  1293
Step =  1288
IterationNumber =  1293
Step =  1289
IterationNumber =  1293
Step =  1290
IterationNumber =  1293
Step =  1291
IterationNumber =  1293
Step =  1292
IterationNumber =  1293

At i =  466
Step =  1294
IterationNumber =  1296
Step =  1295
IterationNumber =  1296

At i =  467

At i =  468
Step =  1298
IterationNumber =  1304
Step =  1299
IterationNumber =  1304
Step =  1300
IterationNumber =  1304
Step =  1301
IterationNumber =  1304
Step =  1302
IterationNumber =  1304
Step =  1303
IterationNumber =  1304

At i =  469
Step =  1305
IterationNumber =  1306

At i =  470
Step =  1307
IterationNumber =  1309
Step =  1308
IterationNumber =  1309

At i =  471
Step =  1310
IterationNumber =  1313
Step =  1311
IterationNumber =  1313
Step =  1312
IterationNumber =  1313

At i =  472
Step =  1314
IterationNumber =  1316
Step =  1315
IterationNumber =  1316

At i =  473
Step =  1317
IterationNumber =  1322
Step =  1318
IterationNumber =  1322
Step =  1319
IterationNumber =  1322
Step =  1320
IterationNumber =  1322
Step =  1321
IterationNumber =  1322

At i =  474

At i =  475

At i =  476
Step =  1325
IterationNumber =  1335
Step =  1326
IterationNumber =  1335
Step =  1327
IterationNumber =  1335
Step =  1328
IterationNumber =  1335
Step =  1329
IterationNumber =  1335
Step =  1330
IterationNumber =  1335
Step =  1331
IterationNumber =  1335
Step =  1332
IterationNumber =  1335
Step =  1333
IterationNumber =  1335
Step =  1334
IterationNumber =  1335

At i =  477
Step =  1336
IterationNumber =  1338
Step =  1337
IterationNumber =  1338

At i =  478
Step =  1339
IterationNumber =  1341
Step =  1340
IterationNumber =  1341

At i =  479

At i =  480
Step =  1343
IterationNumber =  1351
Step =  1344
IterationNumber =  1351
Step =  1345
IterationNumber =  1351
Step =  1346
IterationNumber =  1351
Step =  1347
IterationNumber =  1351
Step =  1348
IterationNumber =  1351
Step =  1349
IterationNumber =  1351
Step =  1350
IterationNumber =  1351

At i =  481

At i =  482
Step =  1353
IterationNumber =  1356
Step =  1354
IterationNumber =  1356
Step =  1355
IterationNumber =  1356

At i =  483
Step =  1357
IterationNumber =  1361
Step =  1358
IterationNumber =  1361
Step =  1359
IterationNumber =  1361
Step =  1360
IterationNumber =  1361

At i =  484

At i =  485

At i =  486
Step =  1364
IterationNumber =  1365

At i =  487
Step =  1366
IterationNumber =  1368
Step =  1367
IterationNumber =  1368

At i =  488
Step =  1369
IterationNumber =  1374
Step =  1370
IterationNumber =  1374
Step =  1371
IterationNumber =  1374
Step =  1372
IterationNumber =  1374
Step =  1373
IterationNumber =  1374

At i =  489

At i =  490
Step =  1376
IterationNumber =  1378
Step =  1377
IterationNumber =  1378

At i =  491

At i =  492
Step =  1380
IterationNumber =  1381

At i =  493
Step =  1382
IterationNumber =  1387
Step =  1383
IterationNumber =  1387
Step =  1384
IterationNumber =  1387
Step =  1385
IterationNumber =  1387
Step =  1386
IterationNumber =  1387

At i =  494

At i =  495
Step =  1389
IterationNumber =  1391
Step =  1390
IterationNumber =  1391

At i =  496

At i =  497
Step =  1393
IterationNumber =  1395
Step =  1394
IterationNumber =  1395

At i =  498

At i =  499

At i =  500

At i =  501

At i =  502
Step =  1400
IterationNumber =  1401

At i =  503
Step =  1402
IterationNumber =  1403

At i =  504

At i =  505
Step =  1405
IterationNumber =  1407
Step =  1406
IterationNumber =  1407

At i =  506
Step =  1408
IterationNumber =  1409

At i =  507

At i =  508
Step =  1411
IterationNumber =  1413
Step =  1412
IterationNumber =  1413

At i =  509

At i =  510
Step =  1415
IterationNumber =  1420
Step =  1416
IterationNumber =  1420
Step =  1417
IterationNumber =  1420
Step =  1418
IterationNumber =  1420
Step =  1419
IterationNumber =  1420

At i =  511

At i =  512

At i =  513
Step =  1423
IterationNumber =  1429
Step =  1424
IterationNumber =  1429
Step =  1425
IterationNumber =  1429
Step =  1426
IterationNumber =  1429
Step =  1427
IterationNumber =  1429
Step =  1428
IterationNumber =  1429

At i =  514
Step =  1430
IterationNumber =  1431

At i =  515
Step =  1432
IterationNumber =  1436
Step =  1433
IterationNumber =  1436
Step =  1434
IterationNumber =  1436
Step =  1435
IterationNumber =  1436

At i =  516

At i =  517

At i =  518
Step =  1439
IterationNumber =  1441
Step =  1440
IterationNumber =  1441

At i =  519

At i =  520
Step =  1443
IterationNumber =  1444

At i =  521

At i =  522

At i =  523
Step =  1447
IterationNumber =  1456
Step =  1448
IterationNumber =  1456
Step =  1449
IterationNumber =  1456
Step =  1450
IterationNumber =  1456
Step =  1451
IterationNumber =  1456
Step =  1452
IterationNumber =  1456
Step =  1453
IterationNumber =  1456
Step =  1454
IterationNumber =  1456
Step =  1455
IterationNumber =  1456

At i =  524

At i =  525

At i =  526
Step =  1459
IterationNumber =  1460

At i =  527

At i =  528

At i =  529
Step =  1463
IterationNumber =  1466
Step =  1464
IterationNumber =  1466
Step =  1465
IterationNumber =  1466

At i =  530
Step =  1467
IterationNumber =  1469
Step =  1468
IterationNumber =  1469

At i =  531

At i =  532
Step =  1471
IterationNumber =  1474
Step =  1472
IterationNumber =  1474
Step =  1473
IterationNumber =  1474

At i =  533

At i =  534
Step =  1476
IterationNumber =  1477

At i =  535
Step =  1478
IterationNumber =  1481
Step =  1479
IterationNumber =  1481
Step =  1480
IterationNumber =  1481

At i =  536
Step =  1482
IterationNumber =  1483

At i =  537
Step =  1484
IterationNumber =  1486
Step =  1485
IterationNumber =  1486

At i =  538
Step =  1487
IterationNumber =  1490
Step =  1488
IterationNumber =  1490
Step =  1489
IterationNumber =  1490

At i =  539

At i =  540

At i =  541
Step =  1493
IterationNumber =  1495
Step =  1494
IterationNumber =  1495

At i =  542
Step =  1496
IterationNumber =  1501
Step =  1497
IterationNumber =  1501
Step =  1498
IterationNumber =  1501
Step =  1499
IterationNumber =  1501
Step =  1500
IterationNumber =  1501

At i =  543

At i =  544
Step =  1503
IterationNumber =  1504

At i =  545
Step =  1505
IterationNumber =  1506

At i =  546
Step =  1507
IterationNumber =  1510
Step =  1508
IterationNumber =  1510
Step =  1509
IterationNumber =  1510

At i =  547
Step =  1511
IterationNumber =  1512

At i =  548

At i =  549
Step =  1514
IterationNumber =  1517
Step =  1515
IterationNumber =  1517
Step =  1516
IterationNumber =  1517

At i =  550
Step =  1518
IterationNumber =  1519

At i =  551

At i =  552

At i =  553
Step =  1522
IterationNumber =  1523

At i =  554
Step =  1524
IterationNumber =  1529
Step =  1525
IterationNumber =  1529
Step =  1526
IterationNumber =  1529
Step =  1527
IterationNumber =  1529
Step =  1528
IterationNumber =  1529

At i =  555
Step =  1530
IterationNumber =  1535
Step =  1531
IterationNumber =  1535
Step =  1532
IterationNumber =  1535
Step =  1533
IterationNumber =  1535
Step =  1534
IterationNumber =  1535

At i =  556
Step =  1536
IterationNumber =  1539
Step =  1537
IterationNumber =  1539
Step =  1538
IterationNumber =  1539

At i =  557
Step =  1540
IterationNumber =  1541

At i =  558
Step =  1542
IterationNumber =  1548
Step =  1543
IterationNumber =  1548
Step =  1544
IterationNumber =  1548
Step =  1545
IterationNumber =  1548
Step =  1546
IterationNumber =  1548
Step =  1547
IterationNumber =  1548

At i =  559

At i =  560
Step =  1550
IterationNumber =  1554
Step =  1551
IterationNumber =  1554
Step =  1552
IterationNumber =  1554
Step =  1553
IterationNumber =  1554

At i =  561

At i =  562
Step =  1556
IterationNumber =  1562
Step =  1557
IterationNumber =  1562
Step =  1558
IterationNumber =  1562
Step =  1559
IterationNumber =  1562
Step =  1560
IterationNumber =  1562
Step =  1561
IterationNumber =  1562

At i =  563

At i =  564

At i =  565
Step =  1565
IterationNumber =  1567
Step =  1566
IterationNumber =  1567

At i =  566
Step =  1568
IterationNumber =  1569

At i =  567

At i =  568
Step =  1571
IterationNumber =  1573
Step =  1572
IterationNumber =  1573

At i =  569
Step =  1574
IterationNumber =  1580
Step =  1575
IterationNumber =  1580
Step =  1576
IterationNumber =  1580
Step =  1577
IterationNumber =  1580
Step =  1578
IterationNumber =  1580
Step =  1579
IterationNumber =  1580

At i =  570
Step =  1581
IterationNumber =  1583
Step =  1582
IterationNumber =  1583

At i =  571
Step =  1584
IterationNumber =  1588
Step =  1585
IterationNumber =  1588
Step =  1586
IterationNumber =  1588
Step =  1587
IterationNumber =  1588

At i =  572

At i =  573
Step =  1590
IterationNumber =  1593
Step =  1591
IterationNumber =  1593
Step =  1592
IterationNumber =  1593

At i =  574
Step =  1594
IterationNumber =  1596
Step =  1595
IterationNumber =  1596

At i =  575

At i =  576
Step =  1598
IterationNumber =  1606
Step =  1599
IterationNumber =  1606
Step =  1600
IterationNumber =  1606
Step =  1601
IterationNumber =  1606
Step =  1602
IterationNumber =  1606
Step =  1603
IterationNumber =  1606
Step =  1604
IterationNumber =  1606
Step =  1605
IterationNumber =  1606

At i =  577
Step =  1607
IterationNumber =  1613
Step =  1608
IterationNumber =  1613
Step =  1609
IterationNumber =  1613
Step =  1610
IterationNumber =  1613
Step =  1611
IterationNumber =  1613
Step =  1612
IterationNumber =  1613

At i =  578
Step =  1614
IterationNumber =  1615

At i =  579
Step =  1616
IterationNumber =  1618
Step =  1617
IterationNumber =  1618

At i =  580
Step =  1619
IterationNumber =  1626
Step =  1620
IterationNumber =  1626
Step =  1621
IterationNumber =  1626
Step =  1622
IterationNumber =  1626
Step =  1623
IterationNumber =  1626
Step =  1624
IterationNumber =  1626
Step =  1625
IterationNumber =  1626

At i =  581

At i =  582
Step =  1628
IterationNumber =  1629

At i =  583
Step =  1630
IterationNumber =  1632
Step =  1631
IterationNumber =  1632

At i =  584

At i =  585
Step =  1634
IterationNumber =  1642
Step =  1635
IterationNumber =  1642
Step =  1636
IterationNumber =  1642
Step =  1637
IterationNumber =  1642
Step =  1638
IterationNumber =  1642
Step =  1639
IterationNumber =  1642
Step =  1640
IterationNumber =  1642
Step =  1641
IterationNumber =  1642

At i =  586
Step =  1643
IterationNumber =  1651
Step =  1644
IterationNumber =  1651
Step =  1645
IterationNumber =  1651
Step =  1646
IterationNumber =  1651
Step =  1647
IterationNumber =  1651
Step =  1648
IterationNumber =  1651
Step =  1649
IterationNumber =  1651
Step =  1650
IterationNumber =  1651

At i =  587

At i =  588
Step =  1653
IterationNumber =  1654

At i =  589
Step =  1655
IterationNumber =  1657
Step =  1656
IterationNumber =  1657

At i =  590

At i =  591
Step =  1659
IterationNumber =  1661
Step =  1660
IterationNumber =  1661

At i =  592
Step =  1662
IterationNumber =  1664
Step =  1663
IterationNumber =  1664

At i =  593
Step =  1665
IterationNumber =  1667
Step =  1666
IterationNumber =  1667

At i =  594
Step =  1668
IterationNumber =  1671
Step =  1669
IterationNumber =  1671
Step =  1670
IterationNumber =  1671

At i =  595

At i =  596

At i =  597
Step =  1674
IterationNumber =  1675

At i =  598

At i =  599

At i =  600

At i =  601

At i =  602
Step =  1680
IterationNumber =  1686
Step =  1681
IterationNumber =  1686
Step =  1682
IterationNumber =  1686
Step =  1683
IterationNumber =  1686
Step =  1684
IterationNumber =  1686
Step =  1685
IterationNumber =  1686

At i =  603
Step =  1687
IterationNumber =  1688

At i =  604
Step =  1689
IterationNumber =  1694
Step =  1690
IterationNumber =  1694
Step =  1691
IterationNumber =  1694
Step =  1692
IterationNumber =  1694
Step =  1693
IterationNumber =  1694

At i =  605
Step =  1695
IterationNumber =  1698
Step =  1696
IterationNumber =  1698
Step =  1697
IterationNumber =  1698

At i =  606
Step =  1699
IterationNumber =  1700

At i =  607
Step =  1701
IterationNumber =  1703
Step =  1702
IterationNumber =  1703

At i =  608
Step =  1704
IterationNumber =  1705

At i =  609
Step =  1706
IterationNumber =  1708
Step =  1707
IterationNumber =  1708

At i =  610

At i =  611

At i =  612

At i =  613
Step =  1712
IterationNumber =  1714
Step =  1713
IterationNumber =  1714

At i =  614
Step =  1715
IterationNumber =  1719
Step =  1716
IterationNumber =  1719
Step =  1717
IterationNumber =  1719
Step =  1718
IterationNumber =  1719

At i =  615
Step =  1720
IterationNumber =  1721

At i =  616
Step =  1722
IterationNumber =  1723

At i =  617

At i =  618
Step =  1725
IterationNumber =  1726

At i =  619

At i =  620
Step =  1728
IterationNumber =  1732
Step =  1729
IterationNumber =  1732
Step =  1730
IterationNumber =  1732
Step =  1731
IterationNumber =  1732

At i =  621
Step =  1733
IterationNumber =  1735
Step =  1734
IterationNumber =  1735

At i =  622
Step =  1736
IterationNumber =  1738
Step =  1737
IterationNumber =  1738

At i =  623
Step =  1739
IterationNumber =  1743
Step =  1740
IterationNumber =  1743
Step =  1741
IterationNumber =  1743
Step =  1742
IterationNumber =  1743

At i =  624
Step =  1744
IterationNumber =  1747
Step =  1745
IterationNumber =  1747
Step =  1746
IterationNumber =  1747

At i =  625
Step =  1748
IterationNumber =  1752
Step =  1749
IterationNumber =  1752
Step =  1750
IterationNumber =  1752
Step =  1751
IterationNumber =  1752

At i =  626
Step =  1753
IterationNumber =  1757
Step =  1754
IterationNumber =  1757
Step =  1755
IterationNumber =  1757
Step =  1756
IterationNumber =  1757

At i =  627
Step =  1758
IterationNumber =  1761
Step =  1759
IterationNumber =  1761
Step =  1760
IterationNumber =  1761

At i =  628
Step =  1762
IterationNumber =  1765
Step =  1763
IterationNumber =  1765
Step =  1764
IterationNumber =  1765

At i =  629
Step =  1766
IterationNumber =  1770
Step =  1767
IterationNumber =  1770
Step =  1768
IterationNumber =  1770
Step =  1769
IterationNumber =  1770

At i =  630
Step =  1771
IterationNumber =  1774
Step =  1772
IterationNumber =  1774
Step =  1773
IterationNumber =  1774

At i =  631
Step =  1775
IterationNumber =  1776

At i =  632

At i =  633
Step =  1778
IterationNumber =  1780
Step =  1779
IterationNumber =  1780

At i =  634

At i =  635
Step =  1782
IterationNumber =  1783

At i =  636
Step =  1784
IterationNumber =  1786
Step =  1785
IterationNumber =  1786

At i =  637

At i =  638

At i =  639
Step =  1789
IterationNumber =  1791
Step =  1790
IterationNumber =  1791

At i =  640
Step =  1792
IterationNumber =  1794
Step =  1793
IterationNumber =  1794

At i =  641

At i =  642

At i =  643
Step =  1797
IterationNumber =  1798

At i =  644
Step =  1799
IterationNumber =  1810
Step =  1800
IterationNumber =  1810
Step =  1801
IterationNumber =  1810
Step =  1802
IterationNumber =  1810
Step =  1803
IterationNumber =  1810
Step =  1804
IterationNumber =  1810
Step =  1805
IterationNumber =  1810
Step =  1806
IterationNumber =  1810
Step =  1807
IterationNumber =  1810
Step =  1808
IterationNumber =  1810
Step =  1809
IterationNumber =  1810

At i =  645

At i =  646

At i =  647
Step =  1813
IterationNumber =  1815
Step =  1814
IterationNumber =  1815

At i =  648

At i =  649
Step =  1817
IterationNumber =  1822
Step =  1818
IterationNumber =  1822
Step =  1819
IterationNumber =  1822
Step =  1820
IterationNumber =  1822
Step =  1821
IterationNumber =  1822

At i =  650
Step =  1823
IterationNumber =  1825
Step =  1824
IterationNumber =  1825

At i =  651

At i =  652
Step =  1827
IterationNumber =  1828

At i =  653

At i =  654
Step =  1830
IterationNumber =  1833
Step =  1831
IterationNumber =  1833
Step =  1832
IterationNumber =  1833

At i =  655
Step =  1834
IterationNumber =  1835

At i =  656

At i =  657

At i =  658
Step =  1838
IterationNumber =  1840
Step =  1839
IterationNumber =  1840

At i =  659
